2024-05-31 11:57:06,248 [Worker-4: Loading available Gradle versions] INFO  o.e.b.c.i.u.g.PublishedGradleVersions - Gradle version information cache is up-to-date. Trying to read.
2024-05-31 11:57:16,959 [Worker-6: Building] INFO  o.e.m.c.i.l.LifecycleMappingFactory - Using org.eclipse.m2e.jdt.JarLifecycleMapping lifecycle mapping for MavenProject: ar.edu.unlp.info.oo2:ejercicio1:0.0.1-SNAPSHOT @ C:\Users\diego\OneDrive\Facultad\UNLP-Informatica\3er año\Orientacion a Objetos II\OO2-Repo\Ejercicio1-Red Social\pom.xml.
2024-05-31 11:57:18,134 [Worker-6: Building] INFO  o.a.m.s.f.DefaultMavenResourcesFiltering - skip non existing resourceDirectory C:\Users\diego\OneDrive\Facultad\UNLP-Informatica\3er año\Orientacion a Objetos II\OO2-Repo\Ejercicio1-Red Social\src\main\resources
2024-05-31 11:57:18,143 [Worker-6: Building] INFO  o.a.m.s.f.DefaultMavenResourcesFiltering - skip non existing resourceDirectory C:\Users\diego\OneDrive\Facultad\UNLP-Informatica\3er año\Orientacion a Objetos II\OO2-Repo\Ejercicio1-Red Social\src\test\resources
2024-05-31 11:57:22,450 [Worker-22: Building] INFO  o.e.m.c.i.l.LifecycleMappingFactory - Using org.eclipse.m2e.jdt.JarLifecycleMapping lifecycle mapping for MavenProject: ar.edu.unlp.info.oo2:Ejercicio4-CalculoSueldos:0.0.1-SNAPSHOT @ C:\Users\diego\OneDrive\Facultad\UNLP-Informatica\3er año\Orientacion a Objetos II\OO2-Repo\Ejercicio4-CalculoSueldos\pom.xml.
2024-05-31 11:57:23,115 [Worker-22: Building] INFO  o.a.m.s.f.DefaultMavenResourcesFiltering - skip non existing resourceDirectory C:\Users\diego\OneDrive\Facultad\UNLP-Informatica\3er año\Orientacion a Objetos II\OO2-Repo\Ejercicio4-CalculoSueldos\src\main\resources
2024-05-31 11:57:23,119 [Worker-22: Building] INFO  o.a.m.s.f.DefaultMavenResourcesFiltering - skip non existing resourceDirectory C:\Users\diego\OneDrive\Facultad\UNLP-Informatica\3er año\Orientacion a Objetos II\OO2-Repo\Ejercicio4-CalculoSueldos\src\test\resources
2024-05-31 11:57:23,257 [Worker-22: Updating Maven Project] INFO  o.e.m.c.i.p.ProjectConfigurationManager - Update started
2024-05-31 11:57:23,414 [Worker-22: Updating Maven Project] INFO  o.e.m.c.i.l.LifecycleMappingFactory - Using org.eclipse.m2e.jdt.JarLifecycleMapping lifecycle mapping for MavenProject: ar.edu.unlp.info.oo2:Ejercicio4-CalculoSueldos:0.0.1-SNAPSHOT @ C:\Users\diego\OneDrive\Facultad\UNLP-Informatica\3er año\Orientacion a Objetos II\OO2-Repo\Ejercicio4-CalculoSueldos\pom.xml.
2024-05-31 11:57:23,561 [Worker-22: Updating Maven Project] INFO  o.e.m.j.i.AbstractJavaProjectConfigurator - Adding source folder /Ejercicio4-CalculoSueldos/src/main/java
2024-05-31 11:57:23,564 [Worker-22: Updating Maven Project] INFO  o.e.m.j.i.AbstractJavaProjectConfigurator - Adding resource folder /Ejercicio4-CalculoSueldos/src/main/resources
2024-05-31 11:57:23,565 [Worker-22: Updating Maven Project] INFO  o.e.m.j.i.AbstractJavaProjectConfigurator - Adding source folder /Ejercicio4-CalculoSueldos/src/test/java
2024-05-31 11:57:23,567 [Worker-22: Updating Maven Project] INFO  o.e.m.j.i.AbstractJavaProjectConfigurator - Adding resource folder /Ejercicio4-CalculoSueldos/src/test/resources
2024-05-31 11:57:23,730 [Worker-22: Updating Maven Project] INFO  o.e.m.c.i.p.ProjectConfigurationManager - Update completed for 1 poms: local refresh takes 0,00 sec, refresh facades takes 0,00 sec, update config takes 0,00 sec 
2024-05-31 11:57:24,010 [Worker-20: Building] INFO  o.a.m.s.f.DefaultMavenResourcesFiltering - skip non existing resourceDirectory C:\Users\diego\OneDrive\Facultad\UNLP-Informatica\3er año\Orientacion a Objetos II\OO2-Repo\Ejercicio4-CalculoSueldos\src\main\resources
2024-05-31 11:57:24,015 [Worker-20: Building] INFO  o.a.m.s.f.DefaultMavenResourcesFiltering - skip non existing resourceDirectory C:\Users\diego\OneDrive\Facultad\UNLP-Informatica\3er año\Orientacion a Objetos II\OO2-Repo\Ejercicio4-CalculoSueldos\src\test\resources
2024-05-31 11:57:25,267 [Worker-20: Building] INFO  o.e.m.c.i.l.LifecycleMappingFactory - Using org.eclipse.m2e.jdt.JarLifecycleMapping lifecycle mapping for MavenProject: ar.edu.unlp.info.oo2:Ejercicio6-Topografias:0.0.1-SNAPSHOT @ C:\Users\diego\OneDrive\Facultad\UNLP-Informatica\3er año\Orientacion a Objetos II\OO2-Repo\Ejercicio6-Topografias\pom.xml.
2024-05-31 11:57:25,919 [Worker-20: Building] INFO  o.a.m.s.f.DefaultMavenResourcesFiltering - skip non existing resourceDirectory C:\Users\diego\OneDrive\Facultad\UNLP-Informatica\3er año\Orientacion a Objetos II\OO2-Repo\Ejercicio6-Topografias\src\main\resources
2024-05-31 11:57:25,928 [Worker-20: Building] INFO  o.a.m.s.f.DefaultMavenResourcesFiltering - skip non existing resourceDirectory C:\Users\diego\OneDrive\Facultad\UNLP-Informatica\3er año\Orientacion a Objetos II\OO2-Repo\Ejercicio6-Topografias\src\test\resources
2024-05-31 11:57:26,019 [Worker-16: Updating Maven Project] INFO  o.e.m.c.i.p.ProjectConfigurationManager - Update started
2024-05-31 11:57:26,130 [Worker-16: Updating Maven Project] INFO  o.e.m.c.i.l.LifecycleMappingFactory - Using org.eclipse.m2e.jdt.JarLifecycleMapping lifecycle mapping for MavenProject: ar.edu.unlp.info.oo2:Ejercicio6-Topografias:0.0.1-SNAPSHOT @ C:\Users\diego\OneDrive\Facultad\UNLP-Informatica\3er año\Orientacion a Objetos II\OO2-Repo\Ejercicio6-Topografias\pom.xml.
2024-05-31 11:57:26,264 [Worker-16: Updating Maven Project] INFO  o.e.m.j.i.AbstractJavaProjectConfigurator - Adding source folder /Ejercicio6-Topografias/src/main/java
2024-05-31 11:57:26,266 [Worker-16: Updating Maven Project] INFO  o.e.m.j.i.AbstractJavaProjectConfigurator - Adding resource folder /Ejercicio6-Topografias/src/main/resources
2024-05-31 11:57:26,267 [Worker-16: Updating Maven Project] INFO  o.e.m.j.i.AbstractJavaProjectConfigurator - Adding source folder /Ejercicio6-Topografias/src/test/java
2024-05-31 11:57:26,269 [Worker-16: Updating Maven Project] INFO  o.e.m.j.i.AbstractJavaProjectConfigurator - Adding resource folder /Ejercicio6-Topografias/src/test/resources
2024-05-31 11:57:26,414 [Worker-16: Updating Maven Project] INFO  o.e.m.c.i.p.ProjectConfigurationManager - Update completed for 1 poms: local refresh takes 0,00 sec, refresh facades takes 0,00 sec, update config takes 0,00 sec 
2024-05-31 11:57:26,646 [Worker-7: Building] INFO  o.a.m.s.f.DefaultMavenResourcesFiltering - skip non existing resourceDirectory C:\Users\diego\OneDrive\Facultad\UNLP-Informatica\3er año\Orientacion a Objetos II\OO2-Repo\Ejercicio6-Topografias\src\main\resources
2024-05-31 11:57:26,650 [Worker-7: Building] INFO  o.a.m.s.f.DefaultMavenResourcesFiltering - skip non existing resourceDirectory C:\Users\diego\OneDrive\Facultad\UNLP-Informatica\3er año\Orientacion a Objetos II\OO2-Repo\Ejercicio6-Topografias\src\test\resources
2024-05-31 11:57:28,116 [Worker-7: Building] INFO  o.e.m.c.i.l.LifecycleMappingFactory - Using org.eclipse.m2e.jdt.JarLifecycleMapping lifecycle mapping for MavenProject: ar.edu.unlp.info.oo2:Ejercicio7-FileSystem:0.0.1-SNAPSHOT @ C:\Users\diego\OneDrive\Facultad\UNLP-Informatica\3er año\Orientacion a Objetos II\OO2-Repo\Ejercicio7-FileSystem\pom.xml.
2024-05-31 11:57:28,513 [Worker-7: Building] INFO  o.a.m.s.f.DefaultMavenResourcesFiltering - skip non existing resourceDirectory C:\Users\diego\OneDrive\Facultad\UNLP-Informatica\3er año\Orientacion a Objetos II\OO2-Repo\Ejercicio7-FileSystem\src\main\resources
2024-05-31 11:57:28,516 [Worker-7: Building] INFO  o.a.m.s.f.DefaultMavenResourcesFiltering - skip non existing resourceDirectory C:\Users\diego\OneDrive\Facultad\UNLP-Informatica\3er año\Orientacion a Objetos II\OO2-Repo\Ejercicio7-FileSystem\src\test\resources
2024-05-31 11:57:28,579 [Worker-10: Updating Maven Project] INFO  o.e.m.c.i.p.ProjectConfigurationManager - Update started
2024-05-31 11:57:28,682 [Worker-10: Updating Maven Project] INFO  o.e.m.c.i.l.LifecycleMappingFactory - Using org.eclipse.m2e.jdt.JarLifecycleMapping lifecycle mapping for MavenProject: ar.edu.unlp.info.oo2:Ejercicio7-FileSystem:0.0.1-SNAPSHOT @ C:\Users\diego\OneDrive\Facultad\UNLP-Informatica\3er año\Orientacion a Objetos II\OO2-Repo\Ejercicio7-FileSystem\pom.xml.
2024-05-31 11:57:28,825 [Worker-10: Updating Maven Project] INFO  o.e.m.j.i.AbstractJavaProjectConfigurator - Adding source folder /Ejercicio7-FileSystem/src/main/java
2024-05-31 11:57:28,827 [Worker-10: Updating Maven Project] INFO  o.e.m.j.i.AbstractJavaProjectConfigurator - Adding resource folder /Ejercicio7-FileSystem/src/main/resources
2024-05-31 11:57:28,828 [Worker-10: Updating Maven Project] INFO  o.e.m.j.i.AbstractJavaProjectConfigurator - Adding source folder /Ejercicio7-FileSystem/src/test/java
2024-05-31 11:57:28,830 [Worker-10: Updating Maven Project] INFO  o.e.m.j.i.AbstractJavaProjectConfigurator - Adding resource folder /Ejercicio7-FileSystem/src/test/resources
2024-05-31 11:57:29,430 [Worker-10: Updating Maven Project] INFO  o.e.m.c.i.p.ProjectConfigurationManager - Update completed for 1 poms: local refresh takes 0,00 sec, refresh facades takes 0,00 sec, update config takes 0,00 sec 
2024-05-31 11:57:29,680 [Worker-0: Building] INFO  o.a.m.s.f.DefaultMavenResourcesFiltering - skip non existing resourceDirectory C:\Users\diego\OneDrive\Facultad\UNLP-Informatica\3er año\Orientacion a Objetos II\OO2-Repo\Ejercicio7-FileSystem\src\main\resources
2024-05-31 11:57:29,684 [Worker-0: Building] INFO  o.a.m.s.f.DefaultMavenResourcesFiltering - skip non existing resourceDirectory C:\Users\diego\OneDrive\Facultad\UNLP-Informatica\3er año\Orientacion a Objetos II\OO2-Repo\Ejercicio7-FileSystem\src\test\resources
